<?xml version="1.0" encoding="UTF-8"?>
<!-- Generated by org.testng.reporters.JUnitReportReporter -->
<testsuite skipped="0" hostname="DESKTOP-C01PVB3" name="com.testcases.CapturePageTest" tests="1" failures="0" timestamp="09 Sep 2019 12:38:13 GMT" time="26.965" errors="0">
  <testcase name="CapturePage_Title_Test" time="26.965" classname="com.testcases.CapturePageTest"/>
</testsuite> <!-- com.testcases.CapturePageTest -->
