<?xml version="1.0" encoding="UTF-8"?>
<!-- Generated by org.testng.reporters.JUnitReportReporter -->
<testsuite skipped="0" hostname="DESKTOP-C01PVB3" name="com.testcases.DashBoardPageTest" tests="1" failures="0" timestamp="09 Sep 2019 12:27:55 GMT" time="22.378" errors="0">
  <testcase name="Verify_DashBoardLink_Test" time="22.378" classname="com.testcases.DashBoardPageTest"/>
</testsuite> <!-- com.testcases.DashBoardPageTest -->
