<?xml version="1.0" encoding="UTF-8"?>
<!-- Generated by org.testng.reporters.JUnitReportReporter -->
<testsuite skipped="0" hostname="DESKTOP-0AG0V8V" name="com.testcases.TestExcel" tests="1" failures="0" timestamp="06 Jan 2020 12:49:15 GMT" time="0.081" errors="0">
  <testcase name="readExcelData" time="0.081" classname="com.testcases.TestExcel"/>
</testsuite> <!-- com.testcases.TestExcel -->
