<?xml version="1.0" encoding="UTF-8"?>
<!-- Generated by org.testng.reporters.JUnitReportReporter -->
<testsuite skipped="0" hostname="DESKTOP-C01PVB3" name="com.testcases.AnalysePageTest" tests="1" failures="0" timestamp="09 Sep 2019 12:43:26 GMT" time="73.489" errors="0">
  <testcase name="AnalysePage_Test" time="73.489" classname="com.testcases.AnalysePageTest"/>
</testsuite> <!-- com.testcases.AnalysePageTest -->
