<?xml version="1.0" encoding="UTF-8"?>
<!-- Generated by org.testng.reporters.JUnitReportReporter -->
<testsuite skipped="0" hostname="DESKTOP-K2VLQMN" name="com.testcases.SettingsPageTest" tests="1" failures="0" timestamp="05 Jul 2019 06:21:55 GMT" time="37.037" errors="0">
  <testcase name="verify_Move_Questionnaire_from_one_folder_to_other_Test" time="37.037" classname="com.testcases.SettingsPageTest"/>
</testsuite> <!-- com.testcases.SettingsPageTest -->
