<?xml version="1.0" encoding="UTF-8"?>
<!-- Generated by org.testng.reporters.JUnitReportReporter -->
<testsuite skipped="0" hostname="DESKTOP-JVC3DQI" name="com.testcases.ActionPageTest" tests="1" failures="0" timestamp="13 Aug 2018 06:45:35 GMT" time="33.616" errors="0">
  <testcase name="Actions_Upcoming_To_Late_Functionality_Test" time="33.616" classname="com.testcases.ActionPageTest"/>
</testsuite> <!-- com.testcases.ActionPageTest -->
