<?xml version="1.0" encoding="UTF-8"?>
<!-- Generated by org.testng.reporters.JUnitReportReporter -->
<testsuite skipped="0" hostname="DESKTOP-2S5GRH2" name="com.testcases.BuildPageTest" tests="1" failures="0" timestamp="12 Sep 2019 05:13:03 GMT" time="54.581" errors="0">
  <testcase name="Upload_Image_To_Questionnaire_Test" time="54.581" classname="com.testcases.BuildPageTest"/>
</testsuite> <!-- com.testcases.BuildPageTest -->
